0 info it worked if it ends with ok
1 verbose cli [ '/usr/local/bin/node', '/usr/local/bin/npm', 'ci' ]
2 info using npm@6.4.1
3 info using node@v10.15.3
4 verbose config Skipping project config: /usr/src/app/.npmrc. (matches userconfig)
5 verbose npm-session dcce73d50fc24895
6 info prepare initializing installer
7 verbose prepare starting workers
8 verbose prepare installation prefix: /usr/src/app
9 verbose prepare using package-lock.json
10 warn prepare removing existing node_modules/ before installation
11 verbose checkLock verifying package-lock data
12 verbose teardown shutting down workers.
13 info teardown Done in 0s
14 verbose stack Error: EACCES: permission denied, rmdir '/usr/src/app/node_modules/.bin'
15 verbose cwd /usr/src/app
16 verbose Linux 5.2.0-kali2-amd64
17 verbose argv "/usr/local/bin/node" "/usr/local/bin/npm" "ci"
18 verbose node v10.15.3
19 verbose npm  v6.4.1
20 error path /usr/src/app/node_modules/.bin
21 error code EACCES
22 error errno -13
23 error syscall rmdir
24 error Error: EACCES: permission denied, rmdir '/usr/src/app/node_modules/.bin'
24 error  { [Error: EACCES: permission denied, rmdir '/usr/src/app/node_modules/.bin']
24 error   cause:
24 error    { Error: EACCES: permission denied, rmdir '/usr/src/app/node_modules/.bin'
24 error      errno: -13,
24 error      code: 'EACCES',
24 error      syscall: 'rmdir',
24 error      path: '/usr/src/app/node_modules/.bin' },
24 error   isOperational: true,
24 error   stack:
24 error    'Error: EACCES: permission denied, rmdir \'/usr/src/app/node_modules/.bin\'',
24 error   errno: -13,
24 error   code: 'EACCES',
24 error   syscall: 'rmdir',
24 error   path: '/usr/src/app/node_modules/.bin' }
25 error The operation was rejected by your operating system.
25 error It is likely you do not have the permissions to access this file as the current user
25 error
25 error If you believe this might be a permissions issue, please double-check the
25 error permissions of the file and its containing directories, or try running
25 error the command again as root/Administrator (though this is not recommended).
26 verbose exit [ -13, true ]
